The system is: Linux - 3.2.0-43-generic - x86_64
Compiling the C compiler identification source file "CMakeCCompilerId.c" succeeded.
Compiler: /home/butchertkd/.local/bin/clang 
Build flags: 
Id flags: 

The output was:
0


Compilation of the C compiler identification source "CMakeCCompilerId.c" produced "a.out"

The C compiler identification is Clang, found in "/home/butchertkd/shadow/shadow-tor-eavesdropping-plugins/udpclient/build/CMakeFiles/2.8.11.2/CompilerIdC/a.out"

Compiling the CXX compiler identification source file "CMakeCXXCompilerId.cpp" succeeded.
Compiler: /home/butchertkd/.local/bin/clang++ 
Build flags: 
Id flags: 

The output was:
0


Compilation of the CXX compiler identification source "CMakeCXXCompilerId.cpp" produced "a.out"

The CXX compiler identification is Clang, found in "/home/butchertkd/shadow/shadow-tor-eavesdropping-plugins/udpclient/build/CMakeFiles/2.8.11.2/CompilerIdCXX/a.out"

Determining if the C compiler works passed with the following output:
Change Dir: /home/butchertkd/shadow/shadow-tor-eavesdropping-plugins/udpclient/build/CMakeFiles/CMakeTmp

Run Build Command:/usr/bin/make "cmTryCompileExec1889462896/fast"
/usr/bin/make -f CMakeFiles/cmTryCompileExec1889462896.dir/build.make CMakeFiles/cmTryCompileExec1889462896.dir/build
make[1]: Entering directory `/home/butchertkd/shadow/shadow-tor-eavesdropping-plugins/udpclient/build/CMakeFiles/CMakeTmp'
/usr/bin/cmake -E cmake_progress_report /home/butchertkd/shadow/shadow-tor-eavesdropping-plugins/udpclient/build/CMakeFiles/CMakeTmp/CMakeFiles 1
Building C object CMakeFiles/cmTryCompileExec1889462896.dir/testCCompiler.c.o
/home/butchertkd/.local/bin/clang    -o CMakeFiles/cmTryCompileExec1889462896.dir/testCCompiler.c.o   -c /home/butchertkd/shadow/shadow-tor-eavesdropping-plugins/udpclient/build/CMakeFiles/CMakeTmp/testCCompiler.c
Linking C executable cmTryCompileExec1889462896
/usr/bin/cmake -E cmake_link_script CMakeFiles/cmTryCompileExec1889462896.dir/link.txt --verbose=1
/home/butchertkd/.local/bin/clang         CMakeFiles/cmTryCompileExec1889462896.dir/testCCompiler.c.o  -o cmTryCompileExec1889462896 -rdynamic 
make[1]: Leaving directory `/home/butchertkd/shadow/shadow-tor-eavesdropping-plugins/udpclient/build/CMakeFiles/CMakeTmp'


Detecting C compiler ABI info compiled with the following output:
Change Dir: /home/butchertkd/shadow/shadow-tor-eavesdropping-plugins/udpclient/build/CMakeFiles/CMakeTmp

Run Build Command:/usr/bin/make "cmTryCompileExec2085217819/fast"
/usr/bin/make -f CMakeFiles/cmTryCompileExec2085217819.dir/build.make CMakeFiles/cmTryCompileExec2085217819.dir/build
make[1]: Entering directory `/home/butchertkd/shadow/shadow-tor-eavesdropping-plugins/udpclient/build/CMakeFiles/CMakeTmp'
/usr/bin/cmake -E cmake_progress_report /home/butchertkd/shadow/shadow-tor-eavesdropping-plugins/udpclient/build/CMakeFiles/CMakeTmp/CMakeFiles 1
Building C object CMakeFiles/cmTryCompileExec2085217819.dir/CMakeCCompilerABI.c.o
/home/butchertkd/.local/bin/clang    -o CMakeFiles/cmTryCompileExec2085217819.dir/CMakeCCompilerABI.c.o   -c /usr/share/cmake-2.8/Modules/CMakeCCompilerABI.c
Linking C executable cmTryCompileExec2085217819
/usr/bin/cmake -E cmake_link_script CMakeFiles/cmTryCompileExec2085217819.dir/link.txt --verbose=1
/home/butchertkd/.local/bin/clang       -v CMakeFiles/cmTryCompileExec2085217819.dir/CMakeCCompilerABI.c.o  -o cmTryCompileExec2085217819 -rdynamic  
clang version 3.2 (tags/RELEASE_32/final)
Target: x86_64-unknown-linux-gnu
Thread model: posix
 "/usr/bin/ld" -export-dynamic --eh-frame-hdr -m elf_x86_64 -dynamic-linker /lib64/ld-linux-x86-64.so.2 -o cmTryCompileExec2085217819 /usr/lib/gcc/x86_64-linux-gnu/4.6/../../../x86_64-linux-gnu/crt1.o /usr/lib/gcc/x86_64-linux-gnu/4.6/../../../x86_64-linux-gnu/crti.o /usr/lib/gcc/x86_64-linux-gnu/4.6/crtbegin.o -L/usr/lib/gcc/x86_64-linux-gnu/4.6 -L/usr/lib/gcc/x86_64-linux-gnu/4.6/../../../x86_64-linux-gnu -L/lib/x86_64-linux-gnu -L/lib/../lib64 -L/usr/lib/x86_64-linux-gnu -L/usr/lib/gcc/x86_64-linux-gnu/4.6/../../.. -L/lib -L/usr/lib CMakeFiles/cmTryCompileExec2085217819.dir/CMakeCCompilerABI.c.o -lgcc --as-needed -lgcc_s --no-as-needed -lc -lgcc --as-needed -lgcc_s --no-as-needed /usr/lib/gcc/x86_64-linux-gnu/4.6/crtend.o /usr/lib/gcc/x86_64-linux-gnu/4.6/../../../x86_64-linux-gnu/crtn.o
make[1]: Leaving directory `/home/butchertkd/shadow/shadow-tor-eavesdropping-plugins/udpclient/build/CMakeFiles/CMakeTmp'


Parsed C implicit link information from above output:
  link line regex: [^( *|.*[/\])(ld|ld|collect2)[^/\]*( |$)]
  ignore line: [Change Dir: /home/butchertkd/shadow/shadow-tor-eavesdropping-plugins/udpclient/build/CMakeFiles/CMakeTmp]
  ignore line: []
  ignore line: [Run Build Command:/usr/bin/make "cmTryCompileExec2085217819/fast"]
  ignore line: [/usr/bin/make -f CMakeFiles/cmTryCompileExec2085217819.dir/build.make CMakeFiles/cmTryCompileExec2085217819.dir/build]
  ignore line: [make[1]: Entering directory `/home/butchertkd/shadow/shadow-tor-eavesdropping-plugins/udpclient/build/CMakeFiles/CMakeTmp']
  ignore line: [/usr/bin/cmake -E cmake_progress_report /home/butchertkd/shadow/shadow-tor-eavesdropping-plugins/udpclient/build/CMakeFiles/CMakeTmp/CMakeFiles 1]
  ignore line: [Building C object CMakeFiles/cmTryCompileExec2085217819.dir/CMakeCCompilerABI.c.o]
  ignore line: [/home/butchertkd/.local/bin/clang    -o CMakeFiles/cmTryCompileExec2085217819.dir/CMakeCCompilerABI.c.o   -c /usr/share/cmake-2.8/Modules/CMakeCCompilerABI.c]
  ignore line: [Linking C executable cmTryCompileExec2085217819]
  ignore line: [/usr/bin/cmake -E cmake_link_script CMakeFiles/cmTryCompileExec2085217819.dir/link.txt --verbose=1]
  ignore line: [/home/butchertkd/.local/bin/clang       -v CMakeFiles/cmTryCompileExec2085217819.dir/CMakeCCompilerABI.c.o  -o cmTryCompileExec2085217819 -rdynamic  ]
  ignore line: [clang version 3.2 (tags/RELEASE_32/final)]
  ignore line: [Target: x86_64-unknown-linux-gnu]
  ignore line: [Thread model: posix]
  link line: [ "/usr/bin/ld" -export-dynamic --eh-frame-hdr -m elf_x86_64 -dynamic-linker /lib64/ld-linux-x86-64.so.2 -o cmTryCompileExec2085217819 /usr/lib/gcc/x86_64-linux-gnu/4.6/../../../x86_64-linux-gnu/crt1.o /usr/lib/gcc/x86_64-linux-gnu/4.6/../../../x86_64-linux-gnu/crti.o /usr/lib/gcc/x86_64-linux-gnu/4.6/crtbegin.o -L/usr/lib/gcc/x86_64-linux-gnu/4.6 -L/usr/lib/gcc/x86_64-linux-gnu/4.6/../../../x86_64-linux-gnu -L/lib/x86_64-linux-gnu -L/lib/../lib64 -L/usr/lib/x86_64-linux-gnu -L/usr/lib/gcc/x86_64-linux-gnu/4.6/../../.. -L/lib -L/usr/lib CMakeFiles/cmTryCompileExec2085217819.dir/CMakeCCompilerABI.c.o -lgcc --as-needed -lgcc_s --no-as-needed -lc -lgcc --as-needed -lgcc_s --no-as-needed /usr/lib/gcc/x86_64-linux-gnu/4.6/crtend.o /usr/lib/gcc/x86_64-linux-gnu/4.6/../../../x86_64-linux-gnu/crtn.o]
    arg [/usr/bin/ld] ==> ignore
    arg [-export-dynamic] ==> ignore
    arg [--eh-frame-hdr] ==> ignore
    arg [-m] ==> ignore
    arg [elf_x86_64] ==> ignore
    arg [-dynamic-linker] ==> ignore
    arg [/lib64/ld-linux-x86-64.so.2] ==> ignore
    arg [-o] ==> ignore
    arg [cmTryCompileExec2085217819] ==> ignore
    arg [/usr/lib/gcc/x86_64-linux-gnu/4.6/../../../x86_64-linux-gnu/crt1.o] ==> ignore
    arg [/usr/lib/gcc/x86_64-linux-gnu/4.6/../../../x86_64-linux-gnu/crti.o] ==> ignore
    arg [/usr/lib/gcc/x86_64-linux-gnu/4.6/crtbegin.o] ==> ignore
    arg [-L/usr/lib/gcc/x86_64-linux-gnu/4.6] ==> dir [/usr/lib/gcc/x86_64-linux-gnu/4.6]
    arg [-L/usr/lib/gcc/x86_64-linux-gnu/4.6/../../../x86_64-linux-gnu] ==> dir [/usr/lib/gcc/x86_64-linux-gnu/4.6/../../../x86_64-linux-gnu]
    arg [-L/lib/x86_64-linux-gnu] ==> dir [/lib/x86_64-linux-gnu]
    arg [-L/lib/../lib64] ==> dir [/lib/../lib64]
    arg [-L/usr/lib/x86_64-linux-gnu] ==> dir [/usr/lib/x86_64-linux-gnu]
    arg [-L/usr/lib/gcc/x86_64-linux-gnu/4.6/../../..] ==> dir [/usr/lib/gcc/x86_64-linux-gnu/4.6/../../..]
    arg [-L/lib] ==> dir [/lib]
    arg [-L/usr/lib] ==> dir [/usr/lib]
    arg [CMakeFiles/cmTryCompileExec2085217819.dir/CMakeCCompilerABI.c.o] ==> ignore
    arg [-lgcc] ==> lib [gcc]
    arg [--as-needed] ==> ignore
    arg [-lgcc_s] ==> lib [gcc_s]
    arg [--no-as-needed] ==> ignore
    arg [-lc] ==> lib [c]
    arg [-lgcc] ==> lib [gcc]
    arg [--as-needed] ==> ignore
    arg [-lgcc_s] ==> lib [gcc_s]
    arg [--no-as-needed] ==> ignore
    arg [/usr/lib/gcc/x86_64-linux-gnu/4.6/crtend.o] ==> ignore
    arg [/usr/lib/gcc/x86_64-linux-gnu/4.6/../../../x86_64-linux-gnu/crtn.o] ==> ignore
  remove lib [gcc]
  remove lib [gcc_s]
  remove lib [gcc]
  remove lib [gcc_s]
  collapse library dir [/usr/lib/gcc/x86_64-linux-gnu/4.6] ==> [/usr/lib/gcc/x86_64-linux-gnu/4.6]
  collapse library dir [/usr/lib/gcc/x86_64-linux-gnu/4.6/../../../x86_64-linux-gnu] ==> [/usr/lib/x86_64-linux-gnu]
  collapse library dir [/lib/x86_64-linux-gnu] ==> [/lib/x86_64-linux-gnu]
  collapse library dir [/lib/../lib64] ==> [/lib64]
  collapse library dir [/usr/lib/x86_64-linux-gnu] ==> [/usr/lib/x86_64-linux-gnu]
  collapse library dir [/usr/lib/gcc/x86_64-linux-gnu/4.6/../../..] ==> [/usr/lib]
  collapse library dir [/lib] ==> [/lib]
  collapse library dir [/usr/lib] ==> [/usr/lib]
  implicit libs: [c]
  implicit dirs: [/usr/lib/gcc/x86_64-linux-gnu/4.6;/usr/lib/x86_64-linux-gnu;/lib/x86_64-linux-gnu;/lib64;/usr/lib;/lib]
  implicit fwks: []


Determining if the CXX compiler works passed with the following output:
Change Dir: /home/butchertkd/shadow/shadow-tor-eavesdropping-plugins/udpclient/build/CMakeFiles/CMakeTmp

Run Build Command:/usr/bin/make "cmTryCompileExec109975973/fast"
/usr/bin/make -f CMakeFiles/cmTryCompileExec109975973.dir/build.make CMakeFiles/cmTryCompileExec109975973.dir/build
make[1]: Entering directory `/home/butchertkd/shadow/shadow-tor-eavesdropping-plugins/udpclient/build/CMakeFiles/CMakeTmp'
/usr/bin/cmake -E cmake_progress_report /home/butchertkd/shadow/shadow-tor-eavesdropping-plugins/udpclient/build/CMakeFiles/CMakeTmp/CMakeFiles 1
Building CXX object CMakeFiles/cmTryCompileExec109975973.dir/testCXXCompiler.cxx.o
/home/butchertkd/.local/bin/clang++     -o CMakeFiles/cmTryCompileExec109975973.dir/testCXXCompiler.cxx.o -c /home/butchertkd/shadow/shadow-tor-eavesdropping-plugins/udpclient/build/CMakeFiles/CMakeTmp/testCXXCompiler.cxx
Linking CXX executable cmTryCompileExec109975973
/usr/bin/cmake -E cmake_link_script CMakeFiles/cmTryCompileExec109975973.dir/link.txt --verbose=1
/home/butchertkd/.local/bin/clang++          CMakeFiles/cmTryCompileExec109975973.dir/testCXXCompiler.cxx.o  -o cmTryCompileExec109975973 -rdynamic 
make[1]: Leaving directory `/home/butchertkd/shadow/shadow-tor-eavesdropping-plugins/udpclient/build/CMakeFiles/CMakeTmp'


Detecting CXX compiler ABI info compiled with the following output:
Change Dir: /home/butchertkd/shadow/shadow-tor-eavesdropping-plugins/udpclient/build/CMakeFiles/CMakeTmp

Run Build Command:/usr/bin/make "cmTryCompileExec1045361876/fast"
/usr/bin/make -f CMakeFiles/cmTryCompileExec1045361876.dir/build.make CMakeFiles/cmTryCompileExec1045361876.dir/build
make[1]: Entering directory `/home/butchertkd/shadow/shadow-tor-eavesdropping-plugins/udpclient/build/CMakeFiles/CMakeTmp'
/usr/bin/cmake -E cmake_progress_report /home/butchertkd/shadow/shadow-tor-eavesdropping-plugins/udpclient/build/CMakeFiles/CMakeTmp/CMakeFiles 1
Building CXX object CMakeFiles/cmTryCompileExec1045361876.dir/CMakeCXXCompilerABI.cpp.o
/home/butchertkd/.local/bin/clang++     -o CMakeFiles/cmTryCompileExec1045361876.dir/CMakeCXXCompilerABI.cpp.o -c /usr/share/cmake-2.8/Modules/CMakeCXXCompilerABI.cpp
Linking CXX executable cmTryCompileExec1045361876
/usr/bin/cmake -E cmake_link_script CMakeFiles/cmTryCompileExec1045361876.dir/link.txt --verbose=1
/home/butchertkd/.local/bin/clang++        -v CMakeFiles/cmTryCompileExec1045361876.dir/CMakeCXXCompilerABI.cpp.o  -o cmTryCompileExec1045361876 -rdynamic  
clang version 3.2 (tags/RELEASE_32/final)
Target: x86_64-unknown-linux-gnu
Thread model: posix
 "/usr/bin/ld" -export-dynamic --eh-frame-hdr -m elf_x86_64 -dynamic-linker /lib64/ld-linux-x86-64.so.2 -o cmTryCompileExec1045361876 /usr/lib/gcc/x86_64-linux-gnu/4.6/../../../x86_64-linux-gnu/crt1.o /usr/lib/gcc/x86_64-linux-gnu/4.6/../../../x86_64-linux-gnu/crti.o /usr/lib/gcc/x86_64-linux-gnu/4.6/crtbegin.o -L/usr/lib/gcc/x86_64-linux-gnu/4.6 -L/usr/lib/gcc/x86_64-linux-gnu/4.6/../../../x86_64-linux-gnu -L/lib/x86_64-linux-gnu -L/lib/../lib64 -L/usr/lib/x86_64-linux-gnu -L/usr/lib/gcc/x86_64-linux-gnu/4.6/../../.. -L/lib -L/usr/lib CMakeFiles/cmTryCompileExec1045361876.dir/CMakeCXXCompilerABI.cpp.o -lstdc++ -lm -lgcc_s -lgcc -lc -lgcc_s -lgcc /usr/lib/gcc/x86_64-linux-gnu/4.6/crtend.o /usr/lib/gcc/x86_64-linux-gnu/4.6/../../../x86_64-linux-gnu/crtn.o
make[1]: Leaving directory `/home/butchertkd/shadow/shadow-tor-eavesdropping-plugins/udpclient/build/CMakeFiles/CMakeTmp'


Parsed CXX implicit link information from above output:
  link line regex: [^( *|.*[/\])(ld|ld|collect2)[^/\]*( |$)]
  ignore line: [Change Dir: /home/butchertkd/shadow/shadow-tor-eavesdropping-plugins/udpclient/build/CMakeFiles/CMakeTmp]
  ignore line: []
  ignore line: [Run Build Command:/usr/bin/make "cmTryCompileExec1045361876/fast"]
  ignore line: [/usr/bin/make -f CMakeFiles/cmTryCompileExec1045361876.dir/build.make CMakeFiles/cmTryCompileExec1045361876.dir/build]
  ignore line: [make[1]: Entering directory `/home/butchertkd/shadow/shadow-tor-eavesdropping-plugins/udpclient/build/CMakeFiles/CMakeTmp']
  ignore line: [/usr/bin/cmake -E cmake_progress_report /home/butchertkd/shadow/shadow-tor-eavesdropping-plugins/udpclient/build/CMakeFiles/CMakeTmp/CMakeFiles 1]
  ignore line: [Building CXX object CMakeFiles/cmTryCompileExec1045361876.dir/CMakeCXXCompilerABI.cpp.o]
  ignore line: [/home/butchertkd/.local/bin/clang++     -o CMakeFiles/cmTryCompileExec1045361876.dir/CMakeCXXCompilerABI.cpp.o -c /usr/share/cmake-2.8/Modules/CMakeCXXCompilerABI.cpp]
  ignore line: [Linking CXX executable cmTryCompileExec1045361876]
  ignore line: [/usr/bin/cmake -E cmake_link_script CMakeFiles/cmTryCompileExec1045361876.dir/link.txt --verbose=1]
  ignore line: [/home/butchertkd/.local/bin/clang++        -v CMakeFiles/cmTryCompileExec1045361876.dir/CMakeCXXCompilerABI.cpp.o  -o cmTryCompileExec1045361876 -rdynamic  ]
  ignore line: [clang version 3.2 (tags/RELEASE_32/final)]
  ignore line: [Target: x86_64-unknown-linux-gnu]
  ignore line: [Thread model: posix]
  link line: [ "/usr/bin/ld" -export-dynamic --eh-frame-hdr -m elf_x86_64 -dynamic-linker /lib64/ld-linux-x86-64.so.2 -o cmTryCompileExec1045361876 /usr/lib/gcc/x86_64-linux-gnu/4.6/../../../x86_64-linux-gnu/crt1.o /usr/lib/gcc/x86_64-linux-gnu/4.6/../../../x86_64-linux-gnu/crti.o /usr/lib/gcc/x86_64-linux-gnu/4.6/crtbegin.o -L/usr/lib/gcc/x86_64-linux-gnu/4.6 -L/usr/lib/gcc/x86_64-linux-gnu/4.6/../../../x86_64-linux-gnu -L/lib/x86_64-linux-gnu -L/lib/../lib64 -L/usr/lib/x86_64-linux-gnu -L/usr/lib/gcc/x86_64-linux-gnu/4.6/../../.. -L/lib -L/usr/lib CMakeFiles/cmTryCompileExec1045361876.dir/CMakeCXXCompilerABI.cpp.o -lstdc++ -lm -lgcc_s -lgcc -lc -lgcc_s -lgcc /usr/lib/gcc/x86_64-linux-gnu/4.6/crtend.o /usr/lib/gcc/x86_64-linux-gnu/4.6/../../../x86_64-linux-gnu/crtn.o]
    arg [/usr/bin/ld] ==> ignore
    arg [-export-dynamic] ==> ignore
    arg [--eh-frame-hdr] ==> ignore
    arg [-m] ==> ignore
    arg [elf_x86_64] ==> ignore
    arg [-dynamic-linker] ==> ignore
    arg [/lib64/ld-linux-x86-64.so.2] ==> ignore
    arg [-o] ==> ignore
    arg [cmTryCompileExec1045361876] ==> ignore
    arg [/usr/lib/gcc/x86_64-linux-gnu/4.6/../../../x86_64-linux-gnu/crt1.o] ==> ignore
    arg [/usr/lib/gcc/x86_64-linux-gnu/4.6/../../../x86_64-linux-gnu/crti.o] ==> ignore
    arg [/usr/lib/gcc/x86_64-linux-gnu/4.6/crtbegin.o] ==> ignore
    arg [-L/usr/lib/gcc/x86_64-linux-gnu/4.6] ==> dir [/usr/lib/gcc/x86_64-linux-gnu/4.6]
    arg [-L/usr/lib/gcc/x86_64-linux-gnu/4.6/../../../x86_64-linux-gnu] ==> dir [/usr/lib/gcc/x86_64-linux-gnu/4.6/../../../x86_64-linux-gnu]
    arg [-L/lib/x86_64-linux-gnu] ==> dir [/lib/x86_64-linux-gnu]
    arg [-L/lib/../lib64] ==> dir [/lib/../lib64]
    arg [-L/usr/lib/x86_64-linux-gnu] ==> dir [/usr/lib/x86_64-linux-gnu]
    arg [-L/usr/lib/gcc/x86_64-linux-gnu/4.6/../../..] ==> dir [/usr/lib/gcc/x86_64-linux-gnu/4.6/../../..]
    arg [-L/lib] ==> dir [/lib]
    arg [-L/usr/lib] ==> dir [/usr/lib]
    arg [CMakeFiles/cmTryCompileExec1045361876.dir/CMakeCXXCompilerABI.cpp.o] ==> ignore
    arg [-lstdc++] ==> lib [stdc++]
    arg [-lm] ==> lib [m]
    arg [-lgcc_s] ==> lib [gcc_s]
    arg [-lgcc] ==> lib [gcc]
    arg [-lc] ==> lib [c]
    arg [-lgcc_s] ==> lib [gcc_s]
    arg [-lgcc] ==> lib [gcc]
    arg [/usr/lib/gcc/x86_64-linux-gnu/4.6/crtend.o] ==> ignore
    arg [/usr/lib/gcc/x86_64-linux-gnu/4.6/../../../x86_64-linux-gnu/crtn.o] ==> ignore
  remove lib [gcc_s]
  remove lib [gcc]
  remove lib [gcc_s]
  remove lib [gcc]
  collapse library dir [/usr/lib/gcc/x86_64-linux-gnu/4.6] ==> [/usr/lib/gcc/x86_64-linux-gnu/4.6]
  collapse library dir [/usr/lib/gcc/x86_64-linux-gnu/4.6/../../../x86_64-linux-gnu] ==> [/usr/lib/x86_64-linux-gnu]
  collapse library dir [/lib/x86_64-linux-gnu] ==> [/lib/x86_64-linux-gnu]
  collapse library dir [/lib/../lib64] ==> [/lib64]
  collapse library dir [/usr/lib/x86_64-linux-gnu] ==> [/usr/lib/x86_64-linux-gnu]
  collapse library dir [/usr/lib/gcc/x86_64-linux-gnu/4.6/../../..] ==> [/usr/lib]
  collapse library dir [/lib] ==> [/lib]
  collapse library dir [/usr/lib] ==> [/usr/lib]
  implicit libs: [stdc++;m;c]
  implicit dirs: [/usr/lib/gcc/x86_64-linux-gnu/4.6;/usr/lib/x86_64-linux-gnu;/lib/x86_64-linux-gnu;/lib64;/usr/lib;/lib]
  implicit fwks: []


Determining if the include file sys/types.h exists passed with the following output:
Change Dir: /home/butchertkd/shadow/shadow-tor-eavesdropping-plugins/udpclient/build/CMakeFiles/CMakeTmp

Run Build Command:/usr/bin/make "cmTryCompileExec1584918678/fast"
/usr/bin/make -f CMakeFiles/cmTryCompileExec1584918678.dir/build.make CMakeFiles/cmTryCompileExec1584918678.dir/build
make[1]: Entering directory `/home/butchertkd/shadow/shadow-tor-eavesdropping-plugins/udpclient/build/CMakeFiles/CMakeTmp'
/usr/bin/cmake -E cmake_progress_report /home/butchertkd/shadow/shadow-tor-eavesdropping-plugins/udpclient/build/CMakeFiles/CMakeTmp/CMakeFiles 1
Building C object CMakeFiles/cmTryCompileExec1584918678.dir/CheckIncludeFile.c.o
/home/butchertkd/.local/bin/clang   -g     -o CMakeFiles/cmTryCompileExec1584918678.dir/CheckIncludeFile.c.o   -c /home/butchertkd/shadow/shadow-tor-eavesdropping-plugins/udpclient/build/CMakeFiles/CMakeTmp/CheckIncludeFile.c
Linking C executable cmTryCompileExec1584918678
/usr/bin/cmake -E cmake_link_script CMakeFiles/cmTryCompileExec1584918678.dir/link.txt --verbose=1
/home/butchertkd/.local/bin/clang    -g      CMakeFiles/cmTryCompileExec1584918678.dir/CheckIncludeFile.c.o  -o cmTryCompileExec1584918678 -rdynamic 
make[1]: Leaving directory `/home/butchertkd/shadow/shadow-tor-eavesdropping-plugins/udpclient/build/CMakeFiles/CMakeTmp'


Determining if the include file stdint.h exists passed with the following output:
Change Dir: /home/butchertkd/shadow/shadow-tor-eavesdropping-plugins/udpclient/build/CMakeFiles/CMakeTmp

Run Build Command:/usr/bin/make "cmTryCompileExec2997239893/fast"
/usr/bin/make -f CMakeFiles/cmTryCompileExec2997239893.dir/build.make CMakeFiles/cmTryCompileExec2997239893.dir/build
make[1]: Entering directory `/home/butchertkd/shadow/shadow-tor-eavesdropping-plugins/udpclient/build/CMakeFiles/CMakeTmp'
/usr/bin/cmake -E cmake_progress_report /home/butchertkd/shadow/shadow-tor-eavesdropping-plugins/udpclient/build/CMakeFiles/CMakeTmp/CMakeFiles 1
Building C object CMakeFiles/cmTryCompileExec2997239893.dir/CheckIncludeFile.c.o
/home/butchertkd/.local/bin/clang   -g     -o CMakeFiles/cmTryCompileExec2997239893.dir/CheckIncludeFile.c.o   -c /home/butchertkd/shadow/shadow-tor-eavesdropping-plugins/udpclient/build/CMakeFiles/CMakeTmp/CheckIncludeFile.c
Linking C executable cmTryCompileExec2997239893
/usr/bin/cmake -E cmake_link_script CMakeFiles/cmTryCompileExec2997239893.dir/link.txt --verbose=1
/home/butchertkd/.local/bin/clang    -g      CMakeFiles/cmTryCompileExec2997239893.dir/CheckIncludeFile.c.o  -o cmTryCompileExec2997239893 -rdynamic 
make[1]: Leaving directory `/home/butchertkd/shadow/shadow-tor-eavesdropping-plugins/udpclient/build/CMakeFiles/CMakeTmp'


Determining if the include file stddef.h exists passed with the following output:
Change Dir: /home/butchertkd/shadow/shadow-tor-eavesdropping-plugins/udpclient/build/CMakeFiles/CMakeTmp

Run Build Command:/usr/bin/make "cmTryCompileExec3786067965/fast"
/usr/bin/make -f CMakeFiles/cmTryCompileExec3786067965.dir/build.make CMakeFiles/cmTryCompileExec3786067965.dir/build
make[1]: Entering directory `/home/butchertkd/shadow/shadow-tor-eavesdropping-plugins/udpclient/build/CMakeFiles/CMakeTmp'
/usr/bin/cmake -E cmake_progress_report /home/butchertkd/shadow/shadow-tor-eavesdropping-plugins/udpclient/build/CMakeFiles/CMakeTmp/CMakeFiles 1
Building C object CMakeFiles/cmTryCompileExec3786067965.dir/CheckIncludeFile.c.o
/home/butchertkd/.local/bin/clang   -g     -o CMakeFiles/cmTryCompileExec3786067965.dir/CheckIncludeFile.c.o   -c /home/butchertkd/shadow/shadow-tor-eavesdropping-plugins/udpclient/build/CMakeFiles/CMakeTmp/CheckIncludeFile.c
Linking C executable cmTryCompileExec3786067965
/usr/bin/cmake -E cmake_link_script CMakeFiles/cmTryCompileExec3786067965.dir/link.txt --verbose=1
/home/butchertkd/.local/bin/clang    -g      CMakeFiles/cmTryCompileExec3786067965.dir/CheckIncludeFile.c.o  -o cmTryCompileExec3786067965 -rdynamic 
make[1]: Leaving directory `/home/butchertkd/shadow/shadow-tor-eavesdropping-plugins/udpclient/build/CMakeFiles/CMakeTmp'


Determining size of unsigned short passed with the following output:
Change Dir: /home/butchertkd/shadow/shadow-tor-eavesdropping-plugins/udpclient/build/CMakeFiles/CMakeTmp

Run Build Command:/usr/bin/make "cmTryCompileExec1333892026/fast"
/usr/bin/make -f CMakeFiles/cmTryCompileExec1333892026.dir/build.make CMakeFiles/cmTryCompileExec1333892026.dir/build
make[1]: Entering directory `/home/butchertkd/shadow/shadow-tor-eavesdropping-plugins/udpclient/build/CMakeFiles/CMakeTmp'
/usr/bin/cmake -E cmake_progress_report /home/butchertkd/shadow/shadow-tor-eavesdropping-plugins/udpclient/build/CMakeFiles/CMakeTmp/CMakeFiles 1
Building C object CMakeFiles/cmTryCompileExec1333892026.dir/CMAKE_SIZEOF_UNSIGNED_SHORT.c.o
/home/butchertkd/.local/bin/clang   -g     -o CMakeFiles/cmTryCompileExec1333892026.dir/CMAKE_SIZEOF_UNSIGNED_SHORT.c.o   -c /home/butchertkd/shadow/shadow-tor-eavesdropping-plugins/udpclient/build/CMakeFiles/CheckTypeSize/CMAKE_SIZEOF_UNSIGNED_SHORT.c
Linking C executable cmTryCompileExec1333892026
/usr/bin/cmake -E cmake_link_script CMakeFiles/cmTryCompileExec1333892026.dir/link.txt --verbose=1
/home/butchertkd/.local/bin/clang    -g      CMakeFiles/cmTryCompileExec1333892026.dir/CMAKE_SIZEOF_UNSIGNED_SHORT.c.o  -o cmTryCompileExec1333892026 -rdynamic 
make[1]: Leaving directory `/home/butchertkd/shadow/shadow-tor-eavesdropping-plugins/udpclient/build/CMakeFiles/CMakeTmp'


